2026-05-14 13:59:23,621 WARNING database DDL Query made to DB:
ALTER TABLE `tabPayment Entry` MODIFY `target_exchange_rate` decimal(21,9) not null default 0, MODIFY `base_received_amount` decimal(21,9) not null default 0, MODIFY `paid_amount` decimal(21,9) not null default 0, MODIFY `difference_amount` decimal(21,9) not null default 0, MODIFY `base_total_taxes_and_charges` decimal(21,9) not null default 0, MODIFY `paid_to_account_balance` decimal(21,9) not null default 0, MODIFY `paid_amount_after_tax` decimal(21,9) not null default 0, MODIFY `total_allocated_amount` decimal(21,9) not null default 0, MODIFY `base_total_allocated_amount` decimal(21,9) not null default 0, MODIFY `base_paid_amount_after_tax` decimal(21,9) not null default 0, MODIFY `paid_from_account_balance` decimal(21,9) not null default 0, MODIFY `unallocated_amount` decimal(21,9) not null default 0, MODIFY `source_exchange_rate` decimal(21,9) not null default 0, MODIFY `received_amount_after_tax` decimal(21,9) not null default 0, MODIFY `total_taxes_and_charges` decimal(21,9) not null default 0, MODIFY `party_balance` decimal(21,9) not null default 0, MODIFY `received_amount` decimal(21,9) not null default 0, MODIFY `base_received_amount_after_tax` decimal(21,9) not null default 0, MODIFY `base_paid_amount` decimal(21,9) not null default 0
2026-05-14 13:59:26,341 WARNING database DDL Query made to DB:
ALTER TABLE `tabEmployee` MODIFY `custom_height_in_metres` decimal(21,9) not null default 0, MODIFY `custom_pulse_strongper_minutestrong` decimal(21,9) not null default 0, MODIFY `custom_period_for_which_the_first` decimal(21,0) not null default 0, MODIFY `custom__currentmost_recent_gross_salary` decimal(21,9) not null default 0, MODIFY `custom_weight_in_kg` decimal(21,9) not null default 0, MODIFY `custom_period_for_which_the_second` decimal(21,0) not null default 0, MODIFY `ctc` decimal(21,9) not null default 0, MODIFY `custom_rate_per_hour` decimal(21,2) not null default 0, MODIFY `custom_blood_pressure` decimal(21,9) not null default 0
2026-05-14 14:06:53,715 WARNING database DDL Query made to DB:
alter table `tabDocType` add column if not exists migration_hash varchar(140)
2026-05-14 14:06:55,224 WARNING database DDL Query made to DB:
ALTER TABLE `tabPrint Heading` DROP INDEX `print_heading`
2026-05-14 14:06:57,174 WARNING database DDL Query made to DB:
ALTER TABLE `tabPrint Heading` ADD UNIQUE INDEX IF NOT EXISTS print_heading (`print_heading`)
2026-05-14 14:06:58,690 WARNING database DDL Query made to DB:
ALTER TABLE `tabPackaging Collection Item` MODIFY `current_stock` decimal(21,3) not null default 0, MODIFY `total_units` decimal(21,3) not null default 0, MODIFY `units_per_package` decimal(21,3) not null default 0, MODIFY `quantity` decimal(21,3) not null default 0
2026-05-14 14:06:59,007 WARNING database DDL Query made to DB:
ALTER TABLE `tabPackaging Collection` MODIFY `total_packed` decimal(21,3) not null default 0
2026-05-14 14:07:02,992 WARNING database DDL Query made to DB:
ALTER TABLE `tabPayment Entry` MODIFY `party_balance` decimal(21,9) not null default 0, MODIFY `base_received_amount_after_tax` decimal(21,9) not null default 0, MODIFY `base_paid_amount_after_tax` decimal(21,9) not null default 0, MODIFY `total_taxes_and_charges` decimal(21,9) not null default 0, MODIFY `base_total_taxes_and_charges` decimal(21,9) not null default 0, MODIFY `received_amount` decimal(21,9) not null default 0, MODIFY `paid_from_account_balance` decimal(21,9) not null default 0, MODIFY `total_allocated_amount` decimal(21,9) not null default 0, MODIFY `base_total_allocated_amount` decimal(21,9) not null default 0, MODIFY `paid_to_account_balance` decimal(21,9) not null default 0, MODIFY `received_amount_after_tax` decimal(21,9) not null default 0, MODIFY `paid_amount` decimal(21,9) not null default 0, MODIFY `base_received_amount` decimal(21,9) not null default 0, MODIFY `paid_amount_after_tax` decimal(21,9) not null default 0, MODIFY `source_exchange_rate` decimal(21,9) not null default 0, MODIFY `difference_amount` decimal(21,9) not null default 0, MODIFY `target_exchange_rate` decimal(21,9) not null default 0, MODIFY `base_paid_amount` decimal(21,9) not null default 0, MODIFY `unallocated_amount` decimal(21,9) not null default 0
2026-05-14 14:07:05,903 WARNING database DDL Query made to DB:
ALTER TABLE `tabEmployee` MODIFY `custom_period_for_which_the_first` decimal(21,0) not null default 0, MODIFY `custom_height_in_metres` decimal(21,9) not null default 0, MODIFY `custom__currentmost_recent_gross_salary` decimal(21,9) not null default 0, MODIFY `custom_pulse_strongper_minutestrong` decimal(21,9) not null default 0, MODIFY `ctc` decimal(21,9) not null default 0, MODIFY `custom_weight_in_kg` decimal(21,9) not null default 0, MODIFY `custom_rate_per_hour` decimal(21,2) not null default 0, MODIFY `custom_blood_pressure` decimal(21,9) not null default 0, MODIFY `custom_period_for_which_the_second` decimal(21,0) not null default 0
2026-05-14 14:07:58,921 WARNING database DDL Query made to DB:
alter table `tabDocType` add column if not exists migration_hash varchar(140)
2026-05-14 14:08:00,581 WARNING database DDL Query made to DB:
ALTER TABLE `tabPrint Heading` DROP INDEX `print_heading`
2026-05-14 14:08:02,821 WARNING database DDL Query made to DB:
ALTER TABLE `tabPrint Heading` ADD UNIQUE INDEX IF NOT EXISTS print_heading (`print_heading`)
2026-05-14 14:08:07,351 WARNING database DDL Query made to DB:
ALTER TABLE `tabPayment Entry` MODIFY `base_total_allocated_amount` decimal(21,9) not null default 0, MODIFY `target_exchange_rate` decimal(21,9) not null default 0, MODIFY `paid_to_account_balance` decimal(21,9) not null default 0, MODIFY `received_amount` decimal(21,9) not null default 0, MODIFY `base_received_amount` decimal(21,9) not null default 0, MODIFY `base_received_amount_after_tax` decimal(21,9) not null default 0, MODIFY `base_paid_amount_after_tax` decimal(21,9) not null default 0, MODIFY `party_balance` decimal(21,9) not null default 0, MODIFY `total_allocated_amount` decimal(21,9) not null default 0, MODIFY `paid_amount` decimal(21,9) not null default 0, MODIFY `total_taxes_and_charges` decimal(21,9) not null default 0, MODIFY `difference_amount` decimal(21,9) not null default 0, MODIFY `unallocated_amount` decimal(21,9) not null default 0, MODIFY `paid_amount_after_tax` decimal(21,9) not null default 0, MODIFY `base_total_taxes_and_charges` decimal(21,9) not null default 0, MODIFY `base_paid_amount` decimal(21,9) not null default 0, MODIFY `received_amount_after_tax` decimal(21,9) not null default 0, MODIFY `paid_from_account_balance` decimal(21,9) not null default 0, MODIFY `source_exchange_rate` decimal(21,9) not null default 0
2026-05-14 14:08:09,272 WARNING database DDL Query made to DB:
ALTER TABLE `tabEmployee` MODIFY `custom__currentmost_recent_gross_salary` decimal(21,9) not null default 0, MODIFY `custom_weight_in_kg` decimal(21,9) not null default 0, MODIFY `custom_period_for_which_the_second` decimal(21,0) not null default 0, MODIFY `custom_blood_pressure` decimal(21,9) not null default 0, MODIFY `custom_height_in_metres` decimal(21,9) not null default 0, MODIFY `custom_period_for_which_the_first` decimal(21,0) not null default 0, MODIFY `custom_pulse_strongper_minutestrong` decimal(21,9) not null default 0, MODIFY `ctc` decimal(21,9) not null default 0, MODIFY `custom_rate_per_hour` decimal(21,2) not null default 0
2026-05-14 14:12:12,504 WARNING database DDL Query made to DB:
alter table `tabDocType` add column if not exists migration_hash varchar(140)
2026-05-14 14:12:14,459 WARNING database DDL Query made to DB:
ALTER TABLE `tabPrint Heading` DROP INDEX `print_heading`
2026-05-14 14:12:16,511 WARNING database DDL Query made to DB:
ALTER TABLE `tabPrint Heading` ADD UNIQUE INDEX IF NOT EXISTS print_heading (`print_heading`)
2026-05-14 14:12:17,938 WARNING database DDL Query made to DB:
ALTER TABLE `tabPackaging Collection Item` MODIFY `quantity` decimal(21,3) not null default 0, MODIFY `units_per_package` decimal(21,3) not null default 0, MODIFY `current_stock` decimal(21,3) not null default 0, MODIFY `total_units` decimal(21,3) not null default 0
2026-05-14 14:12:22,298 WARNING database DDL Query made to DB:
ALTER TABLE `tabPayment Entry` MODIFY `paid_from_account_balance` decimal(21,9) not null default 0, MODIFY `party_balance` decimal(21,9) not null default 0, MODIFY `total_taxes_and_charges` decimal(21,9) not null default 0, MODIFY `target_exchange_rate` decimal(21,9) not null default 0, MODIFY `base_total_taxes_and_charges` decimal(21,9) not null default 0, MODIFY `base_received_amount_after_tax` decimal(21,9) not null default 0, MODIFY `unallocated_amount` decimal(21,9) not null default 0, MODIFY `difference_amount` decimal(21,9) not null default 0, MODIFY `base_total_allocated_amount` decimal(21,9) not null default 0, MODIFY `total_allocated_amount` decimal(21,9) not null default 0, MODIFY `base_received_amount` decimal(21,9) not null default 0, MODIFY `received_amount_after_tax` decimal(21,9) not null default 0, MODIFY `received_amount` decimal(21,9) not null default 0, MODIFY `source_exchange_rate` decimal(21,9) not null default 0, MODIFY `base_paid_amount_after_tax` decimal(21,9) not null default 0, MODIFY `base_paid_amount` decimal(21,9) not null default 0, MODIFY `paid_amount` decimal(21,9) not null default 0, MODIFY `paid_to_account_balance` decimal(21,9) not null default 0, MODIFY `paid_amount_after_tax` decimal(21,9) not null default 0
2026-05-14 14:12:24,940 WARNING database DDL Query made to DB:
ALTER TABLE `tabEmployee` MODIFY `custom_rate_per_hour` decimal(21,2) not null default 0, MODIFY `custom_blood_pressure` decimal(21,9) not null default 0, MODIFY `custom_weight_in_kg` decimal(21,9) not null default 0, MODIFY `custom_pulse_strongper_minutestrong` decimal(21,9) not null default 0, MODIFY `custom_height_in_metres` decimal(21,9) not null default 0, MODIFY `custom_period_for_which_the_second` decimal(21,0) not null default 0, MODIFY `custom__currentmost_recent_gross_salary` decimal(21,9) not null default 0, MODIFY `ctc` decimal(21,9) not null default 0, MODIFY `custom_period_for_which_the_first` decimal(21,0) not null default 0
2026-05-14 14:13:49,562 WARNING database DDL Query made to DB:
alter table `tabDocType` add column if not exists migration_hash varchar(140)
2026-05-14 14:13:51,220 WARNING database DDL Query made to DB:
ALTER TABLE `tabPrint Heading` DROP INDEX `print_heading`
2026-05-14 14:13:53,029 WARNING database DDL Query made to DB:
ALTER TABLE `tabPrint Heading` ADD UNIQUE INDEX IF NOT EXISTS print_heading (`print_heading`)
2026-05-14 14:13:57,788 WARNING database DDL Query made to DB:
ALTER TABLE `tabPayment Entry` MODIFY `paid_amount_after_tax` decimal(21,9) not null default 0, MODIFY `total_allocated_amount` decimal(21,9) not null default 0, MODIFY `paid_from_account_balance` decimal(21,9) not null default 0, MODIFY `received_amount` decimal(21,9) not null default 0, MODIFY `base_received_amount_after_tax` decimal(21,9) not null default 0, MODIFY `received_amount_after_tax` decimal(21,9) not null default 0, MODIFY `base_received_amount` decimal(21,9) not null default 0, MODIFY `base_total_taxes_and_charges` decimal(21,9) not null default 0, MODIFY `difference_amount` decimal(21,9) not null default 0, MODIFY `unallocated_amount` decimal(21,9) not null default 0, MODIFY `base_total_allocated_amount` decimal(21,9) not null default 0, MODIFY `target_exchange_rate` decimal(21,9) not null default 0, MODIFY `base_paid_amount_after_tax` decimal(21,9) not null default 0, MODIFY `base_paid_amount` decimal(21,9) not null default 0, MODIFY `source_exchange_rate` decimal(21,9) not null default 0, MODIFY `paid_amount` decimal(21,9) not null default 0, MODIFY `party_balance` decimal(21,9) not null default 0, MODIFY `paid_to_account_balance` decimal(21,9) not null default 0, MODIFY `total_taxes_and_charges` decimal(21,9) not null default 0
2026-05-14 14:13:59,611 WARNING database DDL Query made to DB:
ALTER TABLE `tabEmployee` MODIFY `custom_weight_in_kg` decimal(21,9) not null default 0, MODIFY `custom__currentmost_recent_gross_salary` decimal(21,9) not null default 0, MODIFY `custom_pulse_strongper_minutestrong` decimal(21,9) not null default 0, MODIFY `ctc` decimal(21,9) not null default 0, MODIFY `custom_period_for_which_the_second` decimal(21,0) not null default 0, MODIFY `custom_blood_pressure` decimal(21,9) not null default 0, MODIFY `custom_rate_per_hour` decimal(21,2) not null default 0, MODIFY `custom_period_for_which_the_first` decimal(21,0) not null default 0, MODIFY `custom_height_in_metres` decimal(21,9) not null default 0
2026-05-14 14:18:11,431 WARNING database DDL Query made to DB:
alter table `tabDocType` add column if not exists migration_hash varchar(140)
2026-05-14 14:18:20,715 WARNING database DDL Query made to DB:
ALTER TABLE `tabPrint Heading` DROP INDEX `print_heading`
2026-05-14 14:18:24,519 WARNING database DDL Query made to DB:
ALTER TABLE `tabPrint Heading` ADD UNIQUE INDEX IF NOT EXISTS print_heading (`print_heading`)
2026-05-14 14:18:30,341 WARNING database DDL Query made to DB:
ALTER TABLE `tabPayment Entry` MODIFY `received_amount_after_tax` decimal(21,9) not null default 0, MODIFY `paid_to_account_balance` decimal(21,9) not null default 0, MODIFY `base_paid_amount_after_tax` decimal(21,9) not null default 0, MODIFY `paid_amount_after_tax` decimal(21,9) not null default 0, MODIFY `unallocated_amount` decimal(21,9) not null default 0, MODIFY `received_amount` decimal(21,9) not null default 0, MODIFY `base_received_amount_after_tax` decimal(21,9) not null default 0, MODIFY `paid_amount` decimal(21,9) not null default 0, MODIFY `base_received_amount` decimal(21,9) not null default 0, MODIFY `paid_from_account_balance` decimal(21,9) not null default 0, MODIFY `base_total_allocated_amount` decimal(21,9) not null default 0, MODIFY `base_total_taxes_and_charges` decimal(21,9) not null default 0, MODIFY `difference_amount` decimal(21,9) not null default 0, MODIFY `total_taxes_and_charges` decimal(21,9) not null default 0, MODIFY `base_paid_amount` decimal(21,9) not null default 0, MODIFY `party_balance` decimal(21,9) not null default 0, MODIFY `source_exchange_rate` decimal(21,9) not null default 0, MODIFY `total_allocated_amount` decimal(21,9) not null default 0, MODIFY `target_exchange_rate` decimal(21,9) not null default 0
2026-05-14 14:18:32,658 WARNING database DDL Query made to DB:
ALTER TABLE `tabEmployee` MODIFY `custom__currentmost_recent_gross_salary` decimal(21,9) not null default 0, MODIFY `custom_height_in_metres` decimal(21,9) not null default 0, MODIFY `custom_blood_pressure` decimal(21,9) not null default 0, MODIFY `ctc` decimal(21,9) not null default 0, MODIFY `custom_pulse_strongper_minutestrong` decimal(21,9) not null default 0, MODIFY `custom_weight_in_kg` decimal(21,9) not null default 0, MODIFY `custom_period_for_which_the_second` decimal(21,0) not null default 0, MODIFY `custom_rate_per_hour` decimal(21,2) not null default 0, MODIFY `custom_period_for_which_the_first` decimal(21,0) not null default 0
2026-05-14 14:45:34,829 WARNING database DDL Query made to DB:
alter table `tabDocType` add column if not exists migration_hash varchar(140)
2026-05-14 14:45:36,287 WARNING database DDL Query made to DB:
ALTER TABLE `tabPrint Heading` DROP INDEX `print_heading`
2026-05-14 14:45:37,909 WARNING database DDL Query made to DB:
ALTER TABLE `tabPrint Heading` ADD UNIQUE INDEX IF NOT EXISTS print_heading (`print_heading`)
2026-05-14 14:45:39,324 WARNING database DDL Query made to DB:
ALTER TABLE `tabPackaging Item` MODIFY `purchase_rate` decimal(21,9) not null default 0, MODIFY `current_stock` decimal(21,3) not null default 0, MODIFY `capacity` decimal(21,3) not null default 0
2026-05-14 14:45:39,553 WARNING database DDL Query made to DB:
create table `tabPackaging Item Product` (
			name varchar(140) primary key,
			creation datetime(6),
			modified datetime(6),
			modified_by varchar(140),
			owner varchar(140),
			docstatus int(1) not null default '0',
			idx int(8) not null default '0',
			`product` varchar(140),
`units_per_package` decimal(21,3) not null default 0,
`notes` text,
parent varchar(140),
parentfield varchar(140),
parenttype varchar(140),
index parent(parent))
			ENGINE=InnoDB
			ROW_FORMAT=DYNAMIC
			CHARACTER SET=utf8mb4
			COLLATE=utf8mb4_unicode_ci
2026-05-14 14:45:42,996 WARNING database DDL Query made to DB:
ALTER TABLE `tabPayment Entry` MODIFY `total_allocated_amount` decimal(21,9) not null default 0, MODIFY `total_taxes_and_charges` decimal(21,9) not null default 0, MODIFY `received_amount_after_tax` decimal(21,9) not null default 0, MODIFY `party_balance` decimal(21,9) not null default 0, MODIFY `unallocated_amount` decimal(21,9) not null default 0, MODIFY `paid_to_account_balance` decimal(21,9) not null default 0, MODIFY `source_exchange_rate` decimal(21,9) not null default 0, MODIFY `base_paid_amount` decimal(21,9) not null default 0, MODIFY `paid_amount` decimal(21,9) not null default 0, MODIFY `base_received_amount_after_tax` decimal(21,9) not null default 0, MODIFY `base_total_taxes_and_charges` decimal(21,9) not null default 0, MODIFY `base_received_amount` decimal(21,9) not null default 0, MODIFY `difference_amount` decimal(21,9) not null default 0, MODIFY `received_amount` decimal(21,9) not null default 0, MODIFY `target_exchange_rate` decimal(21,9) not null default 0, MODIFY `paid_from_account_balance` decimal(21,9) not null default 0, MODIFY `base_total_allocated_amount` decimal(21,9) not null default 0, MODIFY `base_paid_amount_after_tax` decimal(21,9) not null default 0, MODIFY `paid_amount_after_tax` decimal(21,9) not null default 0
2026-05-14 14:45:44,912 WARNING database DDL Query made to DB:
ALTER TABLE `tabEmployee` MODIFY `custom_period_for_which_the_first` decimal(21,0) not null default 0, MODIFY `custom_blood_pressure` decimal(21,9) not null default 0, MODIFY `custom_rate_per_hour` decimal(21,2) not null default 0, MODIFY `ctc` decimal(21,9) not null default 0, MODIFY `custom_period_for_which_the_second` decimal(21,0) not null default 0, MODIFY `custom_height_in_metres` decimal(21,9) not null default 0, MODIFY `custom__currentmost_recent_gross_salary` decimal(21,9) not null default 0, MODIFY `custom_pulse_strongper_minutestrong` decimal(21,9) not null default 0, MODIFY `custom_weight_in_kg` decimal(21,9) not null default 0
2026-05-15 09:11:59,153 WARNING database DDL Query made to DB:
alter table `tabDocType` add column if not exists migration_hash varchar(140)
2026-05-15 09:12:00,429 WARNING database DDL Query made to DB:
ALTER TABLE `tabPrint Heading` DROP INDEX `print_heading`
2026-05-15 09:12:02,165 WARNING database DDL Query made to DB:
ALTER TABLE `tabPrint Heading` ADD UNIQUE INDEX IF NOT EXISTS print_heading (`print_heading`)
2026-05-15 09:12:06,170 WARNING database DDL Query made to DB:
ALTER TABLE `tabPayment Entry` MODIFY `paid_amount` decimal(21,9) not null default 0, MODIFY `paid_to_account_balance` decimal(21,9) not null default 0, MODIFY `paid_amount_after_tax` decimal(21,9) not null default 0, MODIFY `total_taxes_and_charges` decimal(21,9) not null default 0, MODIFY `base_total_taxes_and_charges` decimal(21,9) not null default 0, MODIFY `difference_amount` decimal(21,9) not null default 0, MODIFY `unallocated_amount` decimal(21,9) not null default 0, MODIFY `base_total_allocated_amount` decimal(21,9) not null default 0, MODIFY `total_allocated_amount` decimal(21,9) not null default 0, MODIFY `base_received_amount_after_tax` decimal(21,9) not null default 0, MODIFY `base_received_amount` decimal(21,9) not null default 0, MODIFY `target_exchange_rate` decimal(21,9) not null default 0, MODIFY `received_amount_after_tax` decimal(21,9) not null default 0, MODIFY `party_balance` decimal(21,9) not null default 0, MODIFY `base_paid_amount_after_tax` decimal(21,9) not null default 0, MODIFY `base_paid_amount` decimal(21,9) not null default 0, MODIFY `paid_from_account_balance` decimal(21,9) not null default 0, MODIFY `source_exchange_rate` decimal(21,9) not null default 0, MODIFY `received_amount` decimal(21,9) not null default 0
2026-05-15 09:12:08,001 WARNING database DDL Query made to DB:
ALTER TABLE `tabEmployee` MODIFY `custom_rate_per_hour` decimal(21,2) not null default 0, MODIFY `custom_height_in_metres` decimal(21,9) not null default 0, MODIFY `custom__currentmost_recent_gross_salary` decimal(21,9) not null default 0, MODIFY `custom_blood_pressure` decimal(21,9) not null default 0, MODIFY `ctc` decimal(21,9) not null default 0, MODIFY `custom_pulse_strongper_minutestrong` decimal(21,9) not null default 0, MODIFY `custom_weight_in_kg` decimal(21,9) not null default 0, MODIFY `custom_period_for_which_the_first` decimal(21,0) not null default 0, MODIFY `custom_period_for_which_the_second` decimal(21,0) not null default 0
2026-05-15 09:28:19,720 WARNING database DDL Query made to DB:
alter table `tabDocType` add column if not exists migration_hash varchar(140)
2026-05-15 09:28:21,316 WARNING database DDL Query made to DB:
ALTER TABLE `tabPrint Heading` DROP INDEX `print_heading`
2026-05-15 09:28:22,911 WARNING database DDL Query made to DB:
ALTER TABLE `tabPrint Heading` ADD UNIQUE INDEX IF NOT EXISTS print_heading (`print_heading`)
2026-05-15 09:28:24,338 WARNING database DDL Query made to DB:
ALTER TABLE `tabPackaging Item` MODIFY `capacity` decimal(21,3) not null default 0, MODIFY `purchase_rate` decimal(21,9) not null default 0, MODIFY `current_stock` decimal(21,3) not null default 0
2026-05-15 09:28:27,362 WARNING database DDL Query made to DB:
ALTER TABLE `tabPayment Entry` MODIFY `paid_amount` decimal(21,9) not null default 0, MODIFY `source_exchange_rate` decimal(21,9) not null default 0, MODIFY `base_paid_amount_after_tax` decimal(21,9) not null default 0, MODIFY `received_amount_after_tax` decimal(21,9) not null default 0, MODIFY `target_exchange_rate` decimal(21,9) not null default 0, MODIFY `base_received_amount_after_tax` decimal(21,9) not null default 0, MODIFY `base_total_allocated_amount` decimal(21,9) not null default 0, MODIFY `unallocated_amount` decimal(21,9) not null default 0, MODIFY `difference_amount` decimal(21,9) not null default 0, MODIFY `party_balance` decimal(21,9) not null default 0, MODIFY `base_received_amount` decimal(21,9) not null default 0, MODIFY `base_total_taxes_and_charges` decimal(21,9) not null default 0, MODIFY `total_taxes_and_charges` decimal(21,9) not null default 0, MODIFY `received_amount` decimal(21,9) not null default 0, MODIFY `paid_amount_after_tax` decimal(21,9) not null default 0, MODIFY `base_paid_amount` decimal(21,9) not null default 0, MODIFY `paid_from_account_balance` decimal(21,9) not null default 0, MODIFY `paid_to_account_balance` decimal(21,9) not null default 0, MODIFY `total_allocated_amount` decimal(21,9) not null default 0
2026-05-15 09:28:29,182 WARNING database DDL Query made to DB:
ALTER TABLE `tabEmployee` MODIFY `custom_period_for_which_the_second` decimal(21,0) not null default 0, MODIFY `ctc` decimal(21,9) not null default 0, MODIFY `custom_period_for_which_the_first` decimal(21,0) not null default 0, MODIFY `custom_rate_per_hour` decimal(21,2) not null default 0, MODIFY `custom_weight_in_kg` decimal(21,9) not null default 0, MODIFY `custom__currentmost_recent_gross_salary` decimal(21,9) not null default 0, MODIFY `custom_blood_pressure` decimal(21,9) not null default 0, MODIFY `custom_height_in_metres` decimal(21,9) not null default 0, MODIFY `custom_pulse_strongper_minutestrong` decimal(21,9) not null default 0
2026-05-15 09:35:13,671 WARNING database DDL Query made to DB:
alter table `tabDocType` add column if not exists migration_hash varchar(140)
2026-05-15 09:35:15,024 WARNING database DDL Query made to DB:
ALTER TABLE `tabPrint Heading` DROP INDEX `print_heading`
2026-05-15 09:35:16,305 WARNING database DDL Query made to DB:
ALTER TABLE `tabPrint Heading` ADD UNIQUE INDEX IF NOT EXISTS print_heading (`print_heading`)
2026-05-15 09:35:19,805 WARNING database DDL Query made to DB:
ALTER TABLE `tabPayment Entry` MODIFY `total_allocated_amount` decimal(21,9) not null default 0, MODIFY `paid_from_account_balance` decimal(21,9) not null default 0, MODIFY `received_amount_after_tax` decimal(21,9) not null default 0, MODIFY `paid_amount` decimal(21,9) not null default 0, MODIFY `party_balance` decimal(21,9) not null default 0, MODIFY `paid_amount_after_tax` decimal(21,9) not null default 0, MODIFY `unallocated_amount` decimal(21,9) not null default 0, MODIFY `base_received_amount` decimal(21,9) not null default 0, MODIFY `base_received_amount_after_tax` decimal(21,9) not null default 0, MODIFY `paid_to_account_balance` decimal(21,9) not null default 0, MODIFY `total_taxes_and_charges` decimal(21,9) not null default 0, MODIFY `base_total_taxes_and_charges` decimal(21,9) not null default 0, MODIFY `difference_amount` decimal(21,9) not null default 0, MODIFY `received_amount` decimal(21,9) not null default 0, MODIFY `target_exchange_rate` decimal(21,9) not null default 0, MODIFY `base_paid_amount` decimal(21,9) not null default 0, MODIFY `source_exchange_rate` decimal(21,9) not null default 0, MODIFY `base_paid_amount_after_tax` decimal(21,9) not null default 0, MODIFY `base_total_allocated_amount` decimal(21,9) not null default 0
2026-05-15 09:35:21,852 WARNING database DDL Query made to DB:
ALTER TABLE `tabEmployee` MODIFY `custom_pulse_strongper_minutestrong` decimal(21,9) not null default 0, MODIFY `custom_period_for_which_the_second` decimal(21,0) not null default 0, MODIFY `custom_height_in_metres` decimal(21,9) not null default 0, MODIFY `custom_rate_per_hour` decimal(21,2) not null default 0, MODIFY `custom_blood_pressure` decimal(21,9) not null default 0, MODIFY `custom_weight_in_kg` decimal(21,9) not null default 0, MODIFY `ctc` decimal(21,9) not null default 0, MODIFY `custom_period_for_which_the_first` decimal(21,0) not null default 0, MODIFY `custom__currentmost_recent_gross_salary` decimal(21,9) not null default 0
2026-05-15 09:46:02,815 WARNING database DDL Query made to DB:
alter table `tabDocType` add column if not exists migration_hash varchar(140)
2026-05-15 09:46:04,266 WARNING database DDL Query made to DB:
ALTER TABLE `tabPrint Heading` DROP INDEX `print_heading`
2026-05-15 09:46:05,968 WARNING database DDL Query made to DB:
ALTER TABLE `tabPrint Heading` ADD UNIQUE INDEX IF NOT EXISTS print_heading (`print_heading`)
2026-05-15 09:46:07,331 WARNING database DDL Query made to DB:
ALTER TABLE `tabProduct Packaging Config` MODIFY `units_per_package` decimal(21,3) not null default 0
2026-05-15 09:46:08,096 WARNING database DDL Query made to DB:
ALTER TABLE `tabPackaging Item` MODIFY `capacity` decimal(21,3) not null default 0, MODIFY `purchase_rate` decimal(21,9) not null default 0, MODIFY `current_stock` decimal(21,3) not null default 0
2026-05-15 09:46:11,446 WARNING database DDL Query made to DB:
ALTER TABLE `tabPayment Entry` MODIFY `base_total_taxes_and_charges` decimal(21,9) not null default 0, MODIFY `paid_amount` decimal(21,9) not null default 0, MODIFY `difference_amount` decimal(21,9) not null default 0, MODIFY `party_balance` decimal(21,9) not null default 0, MODIFY `unallocated_amount` decimal(21,9) not null default 0, MODIFY `base_total_allocated_amount` decimal(21,9) not null default 0, MODIFY `total_allocated_amount` decimal(21,9) not null default 0, MODIFY `base_received_amount_after_tax` decimal(21,9) not null default 0, MODIFY `base_received_amount` decimal(21,9) not null default 0, MODIFY `target_exchange_rate` decimal(21,9) not null default 0, MODIFY `received_amount_after_tax` decimal(21,9) not null default 0, MODIFY `received_amount` decimal(21,9) not null default 0, MODIFY `base_paid_amount_after_tax` decimal(21,9) not null default 0, MODIFY `base_paid_amount` decimal(21,9) not null default 0, MODIFY `source_exchange_rate` decimal(21,9) not null default 0, MODIFY `paid_amount_after_tax` decimal(21,9) not null default 0, MODIFY `paid_to_account_balance` decimal(21,9) not null default 0, MODIFY `paid_from_account_balance` decimal(21,9) not null default 0, MODIFY `total_taxes_and_charges` decimal(21,9) not null default 0
2026-05-15 09:46:13,369 WARNING database DDL Query made to DB:
ALTER TABLE `tabEmployee` MODIFY `custom_period_for_which_the_second` decimal(21,0) not null default 0, MODIFY `custom__currentmost_recent_gross_salary` decimal(21,9) not null default 0, MODIFY `custom_rate_per_hour` decimal(21,2) not null default 0, MODIFY `custom_blood_pressure` decimal(21,9) not null default 0, MODIFY `custom_period_for_which_the_first` decimal(21,0) not null default 0, MODIFY `custom_weight_in_kg` decimal(21,9) not null default 0, MODIFY `custom_pulse_strongper_minutestrong` decimal(21,9) not null default 0, MODIFY `custom_height_in_metres` decimal(21,9) not null default 0, MODIFY `ctc` decimal(21,9) not null default 0
2026-05-15 09:48:03,574 WARNING database DDL Query made to DB:
alter table `tabDocType` add column if not exists migration_hash varchar(140)
2026-05-15 09:48:04,889 WARNING database DDL Query made to DB:
ALTER TABLE `tabPrint Heading` DROP INDEX `print_heading`
2026-05-15 09:48:06,306 WARNING database DDL Query made to DB:
ALTER TABLE `tabPrint Heading` ADD UNIQUE INDEX IF NOT EXISTS print_heading (`print_heading`)
2026-05-15 09:48:09,673 WARNING database DDL Query made to DB:
ALTER TABLE `tabPayment Entry` MODIFY `target_exchange_rate` decimal(21,9) not null default 0, MODIFY `total_allocated_amount` decimal(21,9) not null default 0, MODIFY `unallocated_amount` decimal(21,9) not null default 0, MODIFY `base_received_amount` decimal(21,9) not null default 0, MODIFY `party_balance` decimal(21,9) not null default 0, MODIFY `paid_from_account_balance` decimal(21,9) not null default 0, MODIFY `base_received_amount_after_tax` decimal(21,9) not null default 0, MODIFY `difference_amount` decimal(21,9) not null default 0, MODIFY `paid_amount` decimal(21,9) not null default 0, MODIFY `paid_amount_after_tax` decimal(21,9) not null default 0, MODIFY `base_paid_amount` decimal(21,9) not null default 0, MODIFY `total_taxes_and_charges` decimal(21,9) not null default 0, MODIFY `base_paid_amount_after_tax` decimal(21,9) not null default 0, MODIFY `base_total_taxes_and_charges` decimal(21,9) not null default 0, MODIFY `received_amount_after_tax` decimal(21,9) not null default 0, MODIFY `received_amount` decimal(21,9) not null default 0, MODIFY `base_total_allocated_amount` decimal(21,9) not null default 0, MODIFY `source_exchange_rate` decimal(21,9) not null default 0, MODIFY `paid_to_account_balance` decimal(21,9) not null default 0
2026-05-15 09:48:11,467 WARNING database DDL Query made to DB:
ALTER TABLE `tabEmployee` MODIFY `custom_period_for_which_the_second` decimal(21,0) not null default 0, MODIFY `custom_rate_per_hour` decimal(21,2) not null default 0, MODIFY `custom_blood_pressure` decimal(21,9) not null default 0, MODIFY `custom__currentmost_recent_gross_salary` decimal(21,9) not null default 0, MODIFY `ctc` decimal(21,9) not null default 0, MODIFY `custom_height_in_metres` decimal(21,9) not null default 0, MODIFY `custom_weight_in_kg` decimal(21,9) not null default 0, MODIFY `custom_pulse_strongper_minutestrong` decimal(21,9) not null default 0, MODIFY `custom_period_for_which_the_first` decimal(21,0) not null default 0
2026-05-15 10:05:14,094 WARNING database DDL Query made to DB:
alter table `tabDocType` add column if not exists migration_hash varchar(140)
2026-05-15 10:05:16,014 WARNING database DDL Query made to DB:
ALTER TABLE `tabPrint Heading` DROP INDEX `print_heading`
2026-05-15 10:05:17,880 WARNING database DDL Query made to DB:
ALTER TABLE `tabPrint Heading` ADD UNIQUE INDEX IF NOT EXISTS print_heading (`print_heading`)
2026-05-15 10:05:21,099 WARNING database DDL Query made to DB:
ALTER TABLE `tabPayment Entry` MODIFY `total_allocated_amount` decimal(21,9) not null default 0, MODIFY `paid_from_account_balance` decimal(21,9) not null default 0, MODIFY `party_balance` decimal(21,9) not null default 0, MODIFY `total_taxes_and_charges` decimal(21,9) not null default 0, MODIFY `base_total_taxes_and_charges` decimal(21,9) not null default 0, MODIFY `difference_amount` decimal(21,9) not null default 0, MODIFY `unallocated_amount` decimal(21,9) not null default 0, MODIFY `base_total_allocated_amount` decimal(21,9) not null default 0, MODIFY `base_received_amount_after_tax` decimal(21,9) not null default 0, MODIFY `base_received_amount` decimal(21,9) not null default 0, MODIFY `target_exchange_rate` decimal(21,9) not null default 0, MODIFY `received_amount` decimal(21,9) not null default 0, MODIFY `base_paid_amount_after_tax` decimal(21,9) not null default 0, MODIFY `received_amount_after_tax` decimal(21,9) not null default 0, MODIFY `base_paid_amount` decimal(21,9) not null default 0, MODIFY `source_exchange_rate` decimal(21,9) not null default 0, MODIFY `paid_amount_after_tax` decimal(21,9) not null default 0, MODIFY `paid_amount` decimal(21,9) not null default 0, MODIFY `paid_to_account_balance` decimal(21,9) not null default 0
2026-05-15 10:05:23,139 WARNING database DDL Query made to DB:
ALTER TABLE `tabEmployee` MODIFY `custom_height_in_metres` decimal(21,9) not null default 0, MODIFY `custom_weight_in_kg` decimal(21,9) not null default 0, MODIFY `custom_blood_pressure` decimal(21,9) not null default 0, MODIFY `ctc` decimal(21,9) not null default 0, MODIFY `custom_period_for_which_the_second` decimal(21,0) not null default 0, MODIFY `custom_period_for_which_the_first` decimal(21,0) not null default 0, MODIFY `custom_pulse_strongper_minutestrong` decimal(21,9) not null default 0, MODIFY `custom__currentmost_recent_gross_salary` decimal(21,9) not null default 0, MODIFY `custom_rate_per_hour` decimal(21,2) not null default 0
2026-05-15 10:10:02,236 WARNING database DDL Query made to DB:
DROP TABLE IF EXISTS `tabProduct Packaging Config`
2026-05-15 10:14:05,221 WARNING database DDL Query made to DB:
alter table `tabDocType` add column if not exists migration_hash varchar(140)
2026-05-15 10:14:06,665 WARNING database DDL Query made to DB:
ALTER TABLE `tabPrint Heading` DROP INDEX `print_heading`
2026-05-15 10:14:08,312 WARNING database DDL Query made to DB:
ALTER TABLE `tabPrint Heading` ADD UNIQUE INDEX IF NOT EXISTS print_heading (`print_heading`)
2026-05-15 10:14:09,763 WARNING database DDL Query made to DB:
ALTER TABLE `tabPackaging Item` MODIFY `current_stock` decimal(21,3) not null default 0, MODIFY `capacity` decimal(21,3) not null default 0, MODIFY `purchase_rate` decimal(21,9) not null default 0
2026-05-15 10:14:12,663 WARNING database DDL Query made to DB:
ALTER TABLE `tabPayment Entry` MODIFY `paid_to_account_balance` decimal(21,9) not null default 0, MODIFY `base_total_allocated_amount` decimal(21,9) not null default 0, MODIFY `total_allocated_amount` decimal(21,9) not null default 0, MODIFY `paid_amount_after_tax` decimal(21,9) not null default 0, MODIFY `received_amount` decimal(21,9) not null default 0, MODIFY `base_received_amount` decimal(21,9) not null default 0, MODIFY `paid_amount` decimal(21,9) not null default 0, MODIFY `source_exchange_rate` decimal(21,9) not null default 0, MODIFY `unallocated_amount` decimal(21,9) not null default 0, MODIFY `target_exchange_rate` decimal(21,9) not null default 0, MODIFY `party_balance` decimal(21,9) not null default 0, MODIFY `base_received_amount_after_tax` decimal(21,9) not null default 0, MODIFY `base_total_taxes_and_charges` decimal(21,9) not null default 0, MODIFY `base_paid_amount_after_tax` decimal(21,9) not null default 0, MODIFY `paid_from_account_balance` decimal(21,9) not null default 0, MODIFY `base_paid_amount` decimal(21,9) not null default 0, MODIFY `total_taxes_and_charges` decimal(21,9) not null default 0, MODIFY `difference_amount` decimal(21,9) not null default 0, MODIFY `received_amount_after_tax` decimal(21,9) not null default 0
2026-05-15 10:14:14,465 WARNING database DDL Query made to DB:
ALTER TABLE `tabEmployee` MODIFY `custom_weight_in_kg` decimal(21,9) not null default 0, MODIFY `custom_blood_pressure` decimal(21,9) not null default 0, MODIFY `custom_period_for_which_the_second` decimal(21,0) not null default 0, MODIFY `custom__currentmost_recent_gross_salary` decimal(21,9) not null default 0, MODIFY `custom_pulse_strongper_minutestrong` decimal(21,9) not null default 0, MODIFY `custom_period_for_which_the_first` decimal(21,0) not null default 0, MODIFY `ctc` decimal(21,9) not null default 0, MODIFY `custom_rate_per_hour` decimal(21,2) not null default 0, MODIFY `custom_height_in_metres` decimal(21,9) not null default 0
2026-05-15 10:14:58,529 WARNING database DDL Query made to DB:
alter table `tabDocType` add column if not exists migration_hash varchar(140)
2026-05-15 10:15:00,120 WARNING database DDL Query made to DB:
ALTER TABLE `tabPrint Heading` DROP INDEX `print_heading`
2026-05-15 10:15:01,431 WARNING database DDL Query made to DB:
ALTER TABLE `tabPrint Heading` ADD UNIQUE INDEX IF NOT EXISTS print_heading (`print_heading`)
2026-05-15 10:15:05,143 WARNING database DDL Query made to DB:
ALTER TABLE `tabPayment Entry` MODIFY `paid_to_account_balance` decimal(21,9) not null default 0, MODIFY `paid_amount_after_tax` decimal(21,9) not null default 0, MODIFY `paid_amount` decimal(21,9) not null default 0, MODIFY `base_paid_amount` decimal(21,9) not null default 0, MODIFY `received_amount` decimal(21,9) not null default 0, MODIFY `base_paid_amount_after_tax` decimal(21,9) not null default 0, MODIFY `unallocated_amount` decimal(21,9) not null default 0, MODIFY `target_exchange_rate` decimal(21,9) not null default 0, MODIFY `base_total_allocated_amount` decimal(21,9) not null default 0, MODIFY `total_taxes_and_charges` decimal(21,9) not null default 0, MODIFY `party_balance` decimal(21,9) not null default 0, MODIFY `base_received_amount_after_tax` decimal(21,9) not null default 0, MODIFY `paid_from_account_balance` decimal(21,9) not null default 0, MODIFY `base_received_amount` decimal(21,9) not null default 0, MODIFY `total_allocated_amount` decimal(21,9) not null default 0, MODIFY `base_total_taxes_and_charges` decimal(21,9) not null default 0, MODIFY `source_exchange_rate` decimal(21,9) not null default 0, MODIFY `received_amount_after_tax` decimal(21,9) not null default 0, MODIFY `difference_amount` decimal(21,9) not null default 0
2026-05-15 10:15:06,950 WARNING database DDL Query made to DB:
ALTER TABLE `tabEmployee` MODIFY `custom_period_for_which_the_second` decimal(21,0) not null default 0, MODIFY `custom_rate_per_hour` decimal(21,2) not null default 0, MODIFY `custom_period_for_which_the_first` decimal(21,0) not null default 0, MODIFY `custom_blood_pressure` decimal(21,9) not null default 0, MODIFY `custom__currentmost_recent_gross_salary` decimal(21,9) not null default 0, MODIFY `custom_height_in_metres` decimal(21,9) not null default 0, MODIFY `ctc` decimal(21,9) not null default 0, MODIFY `custom_weight_in_kg` decimal(21,9) not null default 0, MODIFY `custom_pulse_strongper_minutestrong` decimal(21,9) not null default 0
2026-05-15 10:15:53,112 WARNING database DDL Query made to DB:
alter table `tabDocType` add column if not exists migration_hash varchar(140)
2026-05-15 10:15:54,844 WARNING database DDL Query made to DB:
ALTER TABLE `tabPrint Heading` DROP INDEX `print_heading`
2026-05-15 10:15:56,674 WARNING database DDL Query made to DB:
ALTER TABLE `tabPrint Heading` ADD UNIQUE INDEX IF NOT EXISTS print_heading (`print_heading`)
2026-05-15 10:16:02,230 WARNING database DDL Query made to DB:
ALTER TABLE `tabPayment Entry` MODIFY `base_total_taxes_and_charges` decimal(21,9) not null default 0, MODIFY `unallocated_amount` decimal(21,9) not null default 0, MODIFY `base_received_amount` decimal(21,9) not null default 0, MODIFY `base_total_allocated_amount` decimal(21,9) not null default 0, MODIFY `total_allocated_amount` decimal(21,9) not null default 0, MODIFY `base_received_amount_after_tax` decimal(21,9) not null default 0, MODIFY `target_exchange_rate` decimal(21,9) not null default 0, MODIFY `received_amount` decimal(21,9) not null default 0, MODIFY `base_paid_amount_after_tax` decimal(21,9) not null default 0, MODIFY `base_paid_amount` decimal(21,9) not null default 0, MODIFY `source_exchange_rate` decimal(21,9) not null default 0, MODIFY `paid_amount_after_tax` decimal(21,9) not null default 0, MODIFY `received_amount_after_tax` decimal(21,9) not null default 0, MODIFY `paid_amount` decimal(21,9) not null default 0, MODIFY `paid_to_account_balance` decimal(21,9) not null default 0, MODIFY `difference_amount` decimal(21,9) not null default 0, MODIFY `total_taxes_and_charges` decimal(21,9) not null default 0, MODIFY `party_balance` decimal(21,9) not null default 0, MODIFY `paid_from_account_balance` decimal(21,9) not null default 0
2026-05-15 10:16:05,647 WARNING database DDL Query made to DB:
ALTER TABLE `tabEmployee` MODIFY `custom_pulse_strongper_minutestrong` decimal(21,9) not null default 0, MODIFY `ctc` decimal(21,9) not null default 0, MODIFY `custom_height_in_metres` decimal(21,9) not null default 0, MODIFY `custom_period_for_which_the_second` decimal(21,0) not null default 0, MODIFY `custom__currentmost_recent_gross_salary` decimal(21,9) not null default 0, MODIFY `custom_blood_pressure` decimal(21,9) not null default 0, MODIFY `custom_period_for_which_the_first` decimal(21,0) not null default 0, MODIFY `custom_weight_in_kg` decimal(21,9) not null default 0, MODIFY `custom_rate_per_hour` decimal(21,2) not null default 0
2026-05-15 10:25:23,483 WARNING database DDL Query made to DB:
alter table `tabDocType` add column if not exists migration_hash varchar(140)
2026-05-15 10:25:25,503 WARNING database DDL Query made to DB:
ALTER TABLE `tabPrint Heading` DROP INDEX `print_heading`
2026-05-15 10:25:27,051 WARNING database DDL Query made to DB:
ALTER TABLE `tabPrint Heading` ADD UNIQUE INDEX IF NOT EXISTS print_heading (`print_heading`)
2026-05-15 10:25:28,215 WARNING database DDL Query made to DB:
create table `tabProduct Packaging Config` (
			name varchar(140) primary key,
			creation datetime(6),
			modified datetime(6),
			modified_by varchar(140),
			owner varchar(140),
			docstatus int(1) not null default '0',
			idx int(8) not null default '0',
			`product_type` varchar(140),
`product` varchar(140),
`packaging_item` varchar(140),
`units_per_package` decimal(21,3) not null default 0,
`notes` text,
`_user_tags` text,
`_comments` text,
`_assign` text,
`_liked_by` text,
index modified(modified))
			ENGINE=InnoDB
			ROW_FORMAT=DYNAMIC
			CHARACTER SET=utf8mb4
			COLLATE=utf8mb4_unicode_ci
2026-05-15 10:25:28,726 WARNING database DDL Query made to DB:
ALTER TABLE `tabPackaging Item` MODIFY `capacity` decimal(21,3) not null default 0, MODIFY `purchase_rate` decimal(21,9) not null default 0, MODIFY `current_stock` decimal(21,3) not null default 0
2026-05-15 10:25:32,398 WARNING database DDL Query made to DB:
ALTER TABLE `tabPayment Entry` MODIFY `paid_to_account_balance` decimal(21,9) not null default 0, MODIFY `source_exchange_rate` decimal(21,9) not null default 0, MODIFY `received_amount` decimal(21,9) not null default 0, MODIFY `target_exchange_rate` decimal(21,9) not null default 0, MODIFY `paid_amount_after_tax` decimal(21,9) not null default 0, MODIFY `base_received_amount_after_tax` decimal(21,9) not null default 0, MODIFY `unallocated_amount` decimal(21,9) not null default 0, MODIFY `difference_amount` decimal(21,9) not null default 0, MODIFY `base_total_allocated_amount` decimal(21,9) not null default 0, MODIFY `received_amount_after_tax` decimal(21,9) not null default 0, MODIFY `party_balance` decimal(21,9) not null default 0, MODIFY `base_paid_amount_after_tax` decimal(21,9) not null default 0, MODIFY `base_total_taxes_and_charges` decimal(21,9) not null default 0, MODIFY `total_taxes_and_charges` decimal(21,9) not null default 0, MODIFY `base_paid_amount` decimal(21,9) not null default 0, MODIFY `paid_amount` decimal(21,9) not null default 0, MODIFY `paid_from_account_balance` decimal(21,9) not null default 0, MODIFY `base_received_amount` decimal(21,9) not null default 0, MODIFY `total_allocated_amount` decimal(21,9) not null default 0
2026-05-15 10:25:34,536 WARNING database DDL Query made to DB:
ALTER TABLE `tabEmployee` MODIFY `custom_blood_pressure` decimal(21,9) not null default 0, MODIFY `custom_height_in_metres` decimal(21,9) not null default 0, MODIFY `custom__currentmost_recent_gross_salary` decimal(21,9) not null default 0, MODIFY `custom_weight_in_kg` decimal(21,9) not null default 0, MODIFY `custom_rate_per_hour` decimal(21,2) not null default 0, MODIFY `custom_pulse_strongper_minutestrong` decimal(21,9) not null default 0, MODIFY `ctc` decimal(21,9) not null default 0, MODIFY `custom_period_for_which_the_first` decimal(21,0) not null default 0, MODIFY `custom_period_for_which_the_second` decimal(21,0) not null default 0
2026-05-15 10:27:14,397 WARNING database DDL Query made to DB:
alter table `tabDocType` add column if not exists migration_hash varchar(140)
2026-05-15 10:27:15,590 WARNING database DDL Query made to DB:
ALTER TABLE `tabPrint Heading` DROP INDEX `print_heading`
2026-05-15 10:27:17,112 WARNING database DDL Query made to DB:
ALTER TABLE `tabPrint Heading` ADD UNIQUE INDEX IF NOT EXISTS print_heading (`print_heading`)
2026-05-15 10:27:20,475 WARNING database DDL Query made to DB:
ALTER TABLE `tabPayment Entry` MODIFY `base_total_allocated_amount` decimal(21,9) not null default 0, MODIFY `paid_from_account_balance` decimal(21,9) not null default 0, MODIFY `target_exchange_rate` decimal(21,9) not null default 0, MODIFY `base_total_taxes_and_charges` decimal(21,9) not null default 0, MODIFY `paid_to_account_balance` decimal(21,9) not null default 0, MODIFY `received_amount` decimal(21,9) not null default 0, MODIFY `unallocated_amount` decimal(21,9) not null default 0, MODIFY `difference_amount` decimal(21,9) not null default 0, MODIFY `paid_amount` decimal(21,9) not null default 0, MODIFY `total_allocated_amount` decimal(21,9) not null default 0, MODIFY `paid_amount_after_tax` decimal(21,9) not null default 0, MODIFY `source_exchange_rate` decimal(21,9) not null default 0, MODIFY `base_paid_amount` decimal(21,9) not null default 0, MODIFY `base_paid_amount_after_tax` decimal(21,9) not null default 0, MODIFY `total_taxes_and_charges` decimal(21,9) not null default 0, MODIFY `party_balance` decimal(21,9) not null default 0, MODIFY `base_received_amount` decimal(21,9) not null default 0, MODIFY `base_received_amount_after_tax` decimal(21,9) not null default 0, MODIFY `received_amount_after_tax` decimal(21,9) not null default 0
2026-05-15 10:27:22,300 WARNING database DDL Query made to DB:
ALTER TABLE `tabEmployee` MODIFY `ctc` decimal(21,9) not null default 0, MODIFY `custom__currentmost_recent_gross_salary` decimal(21,9) not null default 0, MODIFY `custom_height_in_metres` decimal(21,9) not null default 0, MODIFY `custom_period_for_which_the_first` decimal(21,0) not null default 0, MODIFY `custom_blood_pressure` decimal(21,9) not null default 0, MODIFY `custom_period_for_which_the_second` decimal(21,0) not null default 0, MODIFY `custom_pulse_strongper_minutestrong` decimal(21,9) not null default 0, MODIFY `custom_weight_in_kg` decimal(21,9) not null default 0, MODIFY `custom_rate_per_hour` decimal(21,2) not null default 0
2026-05-15 10:55:15,112 WARNING database DDL Query made to DB:
alter table `tabDocType` add column if not exists migration_hash varchar(140)
2026-05-15 10:55:17,041 WARNING database DDL Query made to DB:
ALTER TABLE `tabPrint Heading` DROP INDEX `print_heading`
2026-05-15 10:55:18,616 WARNING database DDL Query made to DB:
ALTER TABLE `tabPrint Heading` ADD UNIQUE INDEX IF NOT EXISTS print_heading (`print_heading`)
2026-05-15 10:55:20,046 WARNING database DDL Query made to DB:
ALTER TABLE `tabPackaging Collection Item` ADD COLUMN `packaged_item` varchar(140)
2026-05-15 10:55:20,066 WARNING database DDL Query made to DB:
ALTER TABLE `tabPackaging Collection Item` MODIFY `total_units` decimal(21,3) not null default 0, MODIFY `quantity` decimal(21,3) not null default 0, MODIFY `units_per_package` decimal(21,3) not null default 0, MODIFY `current_stock` decimal(21,3) not null default 0
2026-05-15 10:55:23,367 WARNING database DDL Query made to DB:
ALTER TABLE `tabPayment Entry` MODIFY `difference_amount` decimal(21,9) not null default 0, MODIFY `unallocated_amount` decimal(21,9) not null default 0, MODIFY `base_total_allocated_amount` decimal(21,9) not null default 0, MODIFY `total_allocated_amount` decimal(21,9) not null default 0, MODIFY `base_paid_amount_after_tax` decimal(21,9) not null default 0, MODIFY `base_received_amount_after_tax` decimal(21,9) not null default 0, MODIFY `base_received_amount` decimal(21,9) not null default 0, MODIFY `target_exchange_rate` decimal(21,9) not null default 0, MODIFY `received_amount_after_tax` decimal(21,9) not null default 0, MODIFY `received_amount` decimal(21,9) not null default 0, MODIFY `paid_from_account_balance` decimal(21,9) not null default 0, MODIFY `base_paid_amount` decimal(21,9) not null default 0, MODIFY `source_exchange_rate` decimal(21,9) not null default 0, MODIFY `paid_amount_after_tax` decimal(21,9) not null default 0, MODIFY `paid_amount` decimal(21,9) not null default 0, MODIFY `paid_to_account_balance` decimal(21,9) not null default 0, MODIFY `party_balance` decimal(21,9) not null default 0, MODIFY `total_taxes_and_charges` decimal(21,9) not null default 0, MODIFY `base_total_taxes_and_charges` decimal(21,9) not null default 0
2026-05-15 10:55:25,540 WARNING database DDL Query made to DB:
ALTER TABLE `tabEmployee` MODIFY `ctc` decimal(21,9) not null default 0, MODIFY `custom_blood_pressure` decimal(21,9) not null default 0, MODIFY `custom_height_in_metres` decimal(21,9) not null default 0, MODIFY `custom_period_for_which_the_second` decimal(21,0) not null default 0, MODIFY `custom_period_for_which_the_first` decimal(21,0) not null default 0, MODIFY `custom_pulse_strongper_minutestrong` decimal(21,9) not null default 0, MODIFY `custom_weight_in_kg` decimal(21,9) not null default 0, MODIFY `custom__currentmost_recent_gross_salary` decimal(21,9) not null default 0, MODIFY `custom_rate_per_hour` decimal(21,2) not null default 0
2026-05-15 10:56:44,821 WARNING database DDL Query made to DB:
alter table `tabDocType` add column if not exists migration_hash varchar(140)
2026-05-15 10:56:46,319 WARNING database DDL Query made to DB:
ALTER TABLE `tabPrint Heading` DROP INDEX `print_heading`
2026-05-15 10:56:47,967 WARNING database DDL Query made to DB:
ALTER TABLE `tabPrint Heading` ADD UNIQUE INDEX IF NOT EXISTS print_heading (`print_heading`)
2026-05-15 10:56:51,936 WARNING database DDL Query made to DB:
ALTER TABLE `tabPayment Entry` MODIFY `party_balance` decimal(21,9) not null default 0, MODIFY `base_received_amount_after_tax` decimal(21,9) not null default 0, MODIFY `received_amount` decimal(21,9) not null default 0, MODIFY `total_allocated_amount` decimal(21,9) not null default 0, MODIFY `base_total_allocated_amount` decimal(21,9) not null default 0, MODIFY `received_amount_after_tax` decimal(21,9) not null default 0, MODIFY `source_exchange_rate` decimal(21,9) not null default 0, MODIFY `paid_from_account_balance` decimal(21,9) not null default 0, MODIFY `base_total_taxes_and_charges` decimal(21,9) not null default 0, MODIFY `paid_amount` decimal(21,9) not null default 0, MODIFY `paid_to_account_balance` decimal(21,9) not null default 0, MODIFY `total_taxes_and_charges` decimal(21,9) not null default 0, MODIFY `unallocated_amount` decimal(21,9) not null default 0, MODIFY `paid_amount_after_tax` decimal(21,9) not null default 0, MODIFY `base_received_amount` decimal(21,9) not null default 0, MODIFY `base_paid_amount_after_tax` decimal(21,9) not null default 0, MODIFY `base_paid_amount` decimal(21,9) not null default 0, MODIFY `target_exchange_rate` decimal(21,9) not null default 0, MODIFY `difference_amount` decimal(21,9) not null default 0
2026-05-15 10:56:54,150 WARNING database DDL Query made to DB:
ALTER TABLE `tabEmployee` MODIFY `custom_weight_in_kg` decimal(21,9) not null default 0, MODIFY `custom_rate_per_hour` decimal(21,2) not null default 0, MODIFY `custom_blood_pressure` decimal(21,9) not null default 0, MODIFY `custom_height_in_metres` decimal(21,9) not null default 0, MODIFY `ctc` decimal(21,9) not null default 0, MODIFY `custom__currentmost_recent_gross_salary` decimal(21,9) not null default 0, MODIFY `custom_pulse_strongper_minutestrong` decimal(21,9) not null default 0, MODIFY `custom_period_for_which_the_first` decimal(21,0) not null default 0, MODIFY `custom_period_for_which_the_second` decimal(21,0) not null default 0
2026-05-20 11:14:48,960 WARNING database DDL Query made to DB:
alter table `tabDocType` add column if not exists migration_hash varchar(140)
2026-05-20 11:14:51,806 WARNING database DDL Query made to DB:
ALTER TABLE `tabPrint Heading` DROP INDEX `print_heading`
2026-05-20 11:14:55,498 WARNING database DDL Query made to DB:
ALTER TABLE `tabPrint Heading` ADD UNIQUE INDEX IF NOT EXISTS print_heading (`print_heading`)
2026-05-20 11:15:02,396 WARNING database DDL Query made to DB:
ALTER TABLE `tabPayment Entry` MODIFY `total_taxes_and_charges` decimal(21,9) not null default 0, MODIFY `received_amount` decimal(21,9) not null default 0, MODIFY `base_total_taxes_and_charges` decimal(21,9) not null default 0, MODIFY `difference_amount` decimal(21,9) not null default 0, MODIFY `base_total_allocated_amount` decimal(21,9) not null default 0, MODIFY `total_allocated_amount` decimal(21,9) not null default 0, MODIFY `base_received_amount_after_tax` decimal(21,9) not null default 0, MODIFY `base_received_amount` decimal(21,9) not null default 0, MODIFY `target_exchange_rate` decimal(21,9) not null default 0, MODIFY `base_paid_amount_after_tax` decimal(21,9) not null default 0, MODIFY `received_amount_after_tax` decimal(21,9) not null default 0, MODIFY `party_balance` decimal(21,9) not null default 0, MODIFY `source_exchange_rate` decimal(21,9) not null default 0, MODIFY `paid_from_account_balance` decimal(21,9) not null default 0, MODIFY `unallocated_amount` decimal(21,9) not null default 0, MODIFY `paid_to_account_balance` decimal(21,9) not null default 0, MODIFY `base_paid_amount` decimal(21,9) not null default 0, MODIFY `paid_amount_after_tax` decimal(21,9) not null default 0, MODIFY `paid_amount` decimal(21,9) not null default 0
2026-05-20 11:15:07,188 WARNING database DDL Query made to DB:
ALTER TABLE `tabEmployee` MODIFY `custom__currentmost_recent_gross_salary` decimal(21,9) not null default 0, MODIFY `custom_period_for_which_the_first` decimal(21,0) not null default 0, MODIFY `custom_pulse_strongper_minutestrong` decimal(21,9) not null default 0, MODIFY `ctc` decimal(21,9) not null default 0, MODIFY `custom_period_for_which_the_second` decimal(21,0) not null default 0, MODIFY `custom_weight_in_kg` decimal(21,9) not null default 0, MODIFY `custom_rate_per_hour` decimal(21,2) not null default 0, MODIFY `custom_height_in_metres` decimal(21,9) not null default 0, MODIFY `custom_blood_pressure` decimal(21,9) not null default 0
2026-05-20 11:39:51,646 WARNING database DDL Query made to DB:
alter table `tabDocType` add column if not exists migration_hash varchar(140)
2026-05-20 11:39:53,583 WARNING database DDL Query made to DB:
ALTER TABLE `tabPrint Heading` DROP INDEX `print_heading`
2026-05-20 11:39:55,363 WARNING database DDL Query made to DB:
ALTER TABLE `tabPrint Heading` ADD UNIQUE INDEX IF NOT EXISTS print_heading (`print_heading`)
2026-05-20 11:40:00,385 WARNING database DDL Query made to DB:
ALTER TABLE `tabPayment Entry` MODIFY `target_exchange_rate` decimal(21,9) not null default 0, MODIFY `total_allocated_amount` decimal(21,9) not null default 0, MODIFY `difference_amount` decimal(21,9) not null default 0, MODIFY `base_received_amount` decimal(21,9) not null default 0, MODIFY `source_exchange_rate` decimal(21,9) not null default 0, MODIFY `received_amount` decimal(21,9) not null default 0, MODIFY `paid_amount` decimal(21,9) not null default 0, MODIFY `party_balance` decimal(21,9) not null default 0, MODIFY `total_taxes_and_charges` decimal(21,9) not null default 0, MODIFY `received_amount_after_tax` decimal(21,9) not null default 0, MODIFY `base_total_allocated_amount` decimal(21,9) not null default 0, MODIFY `paid_to_account_balance` decimal(21,9) not null default 0, MODIFY `base_received_amount_after_tax` decimal(21,9) not null default 0, MODIFY `paid_from_account_balance` decimal(21,9) not null default 0, MODIFY `base_paid_amount_after_tax` decimal(21,9) not null default 0, MODIFY `paid_amount_after_tax` decimal(21,9) not null default 0, MODIFY `base_total_taxes_and_charges` decimal(21,9) not null default 0, MODIFY `unallocated_amount` decimal(21,9) not null default 0, MODIFY `base_paid_amount` decimal(21,9) not null default 0
2026-05-20 11:40:02,845 WARNING database DDL Query made to DB:
ALTER TABLE `tabEmployee` MODIFY `custom__currentmost_recent_gross_salary` decimal(21,9) not null default 0, MODIFY `custom_period_for_which_the_first` decimal(21,0) not null default 0, MODIFY `custom_rate_per_hour` decimal(21,2) not null default 0, MODIFY `ctc` decimal(21,9) not null default 0, MODIFY `custom_weight_in_kg` decimal(21,9) not null default 0, MODIFY `custom_pulse_strongper_minutestrong` decimal(21,9) not null default 0, MODIFY `custom_blood_pressure` decimal(21,9) not null default 0, MODIFY `custom_period_for_which_the_second` decimal(21,0) not null default 0, MODIFY `custom_height_in_metres` decimal(21,9) not null default 0
2026-05-20 11:43:54,890 WARNING database DDL Query made to DB:
alter table `tabDocType` add column if not exists migration_hash varchar(140)
2026-05-20 11:43:56,736 WARNING database DDL Query made to DB:
ALTER TABLE `tabPrint Heading` DROP INDEX `print_heading`
2026-05-20 11:43:58,692 WARNING database DDL Query made to DB:
ALTER TABLE `tabPrint Heading` ADD UNIQUE INDEX IF NOT EXISTS print_heading (`print_heading`)
2026-05-20 11:44:00,671 WARNING database DDL Query made to DB:
ALTER TABLE `tabPoultry Batches` MODIFY `batch_weight` decimal(21,3) not null default 0, MODIFY `mortality_rate` decimal(21,9) not null default 0, MODIFY `batch_cost` decimal(21,3) not null default 0, MODIFY `sales_revenue` decimal(21,3) not null default 0, MODIFY `average_weight_per_bird` decimal(21,3) not null default 0
2026-05-20 11:44:03,930 WARNING database DDL Query made to DB:
ALTER TABLE `tabPayment Entry` MODIFY `base_total_taxes_and_charges` decimal(21,9) not null default 0, MODIFY `base_total_allocated_amount` decimal(21,9) not null default 0, MODIFY `total_allocated_amount` decimal(21,9) not null default 0, MODIFY `source_exchange_rate` decimal(21,9) not null default 0, MODIFY `base_received_amount_after_tax` decimal(21,9) not null default 0, MODIFY `paid_amount_after_tax` decimal(21,9) not null default 0, MODIFY `target_exchange_rate` decimal(21,9) not null default 0, MODIFY `received_amount_after_tax` decimal(21,9) not null default 0, MODIFY `received_amount` decimal(21,9) not null default 0, MODIFY `base_received_amount` decimal(21,9) not null default 0, MODIFY `base_paid_amount` decimal(21,9) not null default 0, MODIFY `paid_amount` decimal(21,9) not null default 0, MODIFY `paid_to_account_balance` decimal(21,9) not null default 0, MODIFY `paid_from_account_balance` decimal(21,9) not null default 0, MODIFY `total_taxes_and_charges` decimal(21,9) not null default 0, MODIFY `party_balance` decimal(21,9) not null default 0, MODIFY `difference_amount` decimal(21,9) not null default 0, MODIFY `base_paid_amount_after_tax` decimal(21,9) not null default 0, MODIFY `unallocated_amount` decimal(21,9) not null default 0
2026-05-20 11:44:06,301 WARNING database DDL Query made to DB:
ALTER TABLE `tabEmployee` MODIFY `custom_pulse_strongper_minutestrong` decimal(21,9) not null default 0, MODIFY `custom_period_for_which_the_second` decimal(21,0) not null default 0, MODIFY `custom__currentmost_recent_gross_salary` decimal(21,9) not null default 0, MODIFY `custom_height_in_metres` decimal(21,9) not null default 0, MODIFY `ctc` decimal(21,9) not null default 0, MODIFY `custom_blood_pressure` decimal(21,9) not null default 0, MODIFY `custom_weight_in_kg` decimal(21,9) not null default 0, MODIFY `custom_rate_per_hour` decimal(21,2) not null default 0, MODIFY `custom_period_for_which_the_first` decimal(21,0) not null default 0
2026-05-20 12:10:33,941 WARNING database DDL Query made to DB:
alter table `tabDocType` add column if not exists migration_hash varchar(140)
2026-05-20 12:10:37,254 WARNING database DDL Query made to DB:
ALTER TABLE `tabPrint Heading` DROP INDEX `print_heading`
2026-05-20 12:10:40,293 WARNING database DDL Query made to DB:
ALTER TABLE `tabPrint Heading` ADD UNIQUE INDEX IF NOT EXISTS print_heading (`print_heading`)
2026-05-20 12:10:48,149 WARNING database DDL Query made to DB:
ALTER TABLE `tabPayment Entry` MODIFY `difference_amount` decimal(21,9) not null default 0, MODIFY `unallocated_amount` decimal(21,9) not null default 0, MODIFY `base_total_allocated_amount` decimal(21,9) not null default 0, MODIFY `total_allocated_amount` decimal(21,9) not null default 0, MODIFY `base_received_amount_after_tax` decimal(21,9) not null default 0, MODIFY `base_received_amount` decimal(21,9) not null default 0, MODIFY `target_exchange_rate` decimal(21,9) not null default 0, MODIFY `received_amount_after_tax` decimal(21,9) not null default 0, MODIFY `received_amount` decimal(21,9) not null default 0, MODIFY `base_paid_amount_after_tax` decimal(21,9) not null default 0, MODIFY `base_paid_amount` decimal(21,9) not null default 0, MODIFY `source_exchange_rate` decimal(21,9) not null default 0, MODIFY `paid_amount_after_tax` decimal(21,9) not null default 0, MODIFY `paid_amount` decimal(21,9) not null default 0, MODIFY `paid_to_account_balance` decimal(21,9) not null default 0, MODIFY `party_balance` decimal(21,9) not null default 0, MODIFY `paid_from_account_balance` decimal(21,9) not null default 0, MODIFY `total_taxes_and_charges` decimal(21,9) not null default 0, MODIFY `base_total_taxes_and_charges` decimal(21,9) not null default 0
2026-05-20 12:10:51,409 WARNING database DDL Query made to DB:
ALTER TABLE `tabEmployee` MODIFY `ctc` decimal(21,9) not null default 0, MODIFY `custom_blood_pressure` decimal(21,9) not null default 0, MODIFY `custom__currentmost_recent_gross_salary` decimal(21,9) not null default 0, MODIFY `custom_pulse_strongper_minutestrong` decimal(21,9) not null default 0, MODIFY `custom_height_in_metres` decimal(21,9) not null default 0, MODIFY `custom_weight_in_kg` decimal(21,9) not null default 0, MODIFY `custom_rate_per_hour` decimal(21,2) not null default 0, MODIFY `custom_period_for_which_the_second` decimal(21,0) not null default 0, MODIFY `custom_period_for_which_the_first` decimal(21,0) not null default 0
2026-05-20 12:16:21,402 WARNING database DDL Query made to DB:
alter table `tabDocType` add column if not exists migration_hash varchar(140)
2026-05-20 12:16:23,608 WARNING database DDL Query made to DB:
ALTER TABLE `tabPrint Heading` DROP INDEX `print_heading`
2026-05-20 12:16:25,984 WARNING database DDL Query made to DB:
ALTER TABLE `tabPrint Heading` ADD UNIQUE INDEX IF NOT EXISTS print_heading (`print_heading`)
2026-05-20 12:16:32,294 WARNING database DDL Query made to DB:
ALTER TABLE `tabPayment Entry` MODIFY `unallocated_amount` decimal(21,9) not null default 0, MODIFY `paid_from_account_balance` decimal(21,9) not null default 0, MODIFY `base_total_taxes_and_charges` decimal(21,9) not null default 0, MODIFY `party_balance` decimal(21,9) not null default 0, MODIFY `difference_amount` decimal(21,9) not null default 0, MODIFY `base_total_allocated_amount` decimal(21,9) not null default 0, MODIFY `total_allocated_amount` decimal(21,9) not null default 0, MODIFY `base_received_amount_after_tax` decimal(21,9) not null default 0, MODIFY `base_received_amount` decimal(21,9) not null default 0, MODIFY `received_amount_after_tax` decimal(21,9) not null default 0, MODIFY `received_amount` decimal(21,9) not null default 0, MODIFY `total_taxes_and_charges` decimal(21,9) not null default 0, MODIFY `base_paid_amount_after_tax` decimal(21,9) not null default 0, MODIFY `base_paid_amount` decimal(21,9) not null default 0, MODIFY `source_exchange_rate` decimal(21,9) not null default 0, MODIFY `paid_amount_after_tax` decimal(21,9) not null default 0, MODIFY `target_exchange_rate` decimal(21,9) not null default 0, MODIFY `paid_amount` decimal(21,9) not null default 0, MODIFY `paid_to_account_balance` decimal(21,9) not null default 0
2026-05-20 12:16:35,401 WARNING database DDL Query made to DB:
ALTER TABLE `tabEmployee` MODIFY `custom__currentmost_recent_gross_salary` decimal(21,9) not null default 0, MODIFY `custom_pulse_strongper_minutestrong` decimal(21,9) not null default 0, MODIFY `custom_height_in_metres` decimal(21,9) not null default 0, MODIFY `custom_blood_pressure` decimal(21,9) not null default 0, MODIFY `custom_period_for_which_the_second` decimal(21,0) not null default 0, MODIFY `custom_weight_in_kg` decimal(21,9) not null default 0, MODIFY `custom_period_for_which_the_first` decimal(21,0) not null default 0, MODIFY `custom_rate_per_hour` decimal(21,2) not null default 0, MODIFY `ctc` decimal(21,9) not null default 0
2026-05-20 12:26:51,627 WARNING database DDL Query made to DB:
alter table `tabDocType` add column if not exists migration_hash varchar(140)
2026-05-20 12:26:54,240 WARNING database DDL Query made to DB:
ALTER TABLE `tabPrint Heading` DROP INDEX `print_heading`
2026-05-20 12:26:56,364 WARNING database DDL Query made to DB:
ALTER TABLE `tabPrint Heading` ADD UNIQUE INDEX IF NOT EXISTS print_heading (`print_heading`)
2026-05-20 12:27:02,827 WARNING database DDL Query made to DB:
ALTER TABLE `tabPayment Entry` MODIFY `base_paid_amount_after_tax` decimal(21,9) not null default 0, MODIFY `paid_amount` decimal(21,9) not null default 0, MODIFY `paid_from_account_balance` decimal(21,9) not null default 0, MODIFY `source_exchange_rate` decimal(21,9) not null default 0, MODIFY `base_received_amount_after_tax` decimal(21,9) not null default 0, MODIFY `base_total_allocated_amount` decimal(21,9) not null default 0, MODIFY `unallocated_amount` decimal(21,9) not null default 0, MODIFY `difference_amount` decimal(21,9) not null default 0, MODIFY `base_received_amount` decimal(21,9) not null default 0, MODIFY `base_paid_amount` decimal(21,9) not null default 0, MODIFY `total_taxes_and_charges` decimal(21,9) not null default 0, MODIFY `party_balance` decimal(21,9) not null default 0, MODIFY `base_total_taxes_and_charges` decimal(21,9) not null default 0, MODIFY `target_exchange_rate` decimal(21,9) not null default 0, MODIFY `received_amount` decimal(21,9) not null default 0, MODIFY `total_allocated_amount` decimal(21,9) not null default 0, MODIFY `paid_amount_after_tax` decimal(21,9) not null default 0, MODIFY `received_amount_after_tax` decimal(21,9) not null default 0, MODIFY `paid_to_account_balance` decimal(21,9) not null default 0
2026-05-20 12:27:06,094 WARNING database DDL Query made to DB:
ALTER TABLE `tabEmployee` MODIFY `ctc` decimal(21,9) not null default 0, MODIFY `custom_blood_pressure` decimal(21,9) not null default 0, MODIFY `custom_height_in_metres` decimal(21,9) not null default 0, MODIFY `custom_pulse_strongper_minutestrong` decimal(21,9) not null default 0, MODIFY `custom_weight_in_kg` decimal(21,9) not null default 0, MODIFY `custom_period_for_which_the_second` decimal(21,0) not null default 0, MODIFY `custom__currentmost_recent_gross_salary` decimal(21,9) not null default 0, MODIFY `custom_rate_per_hour` decimal(21,2) not null default 0, MODIFY `custom_period_for_which_the_first` decimal(21,0) not null default 0
2026-05-20 12:58:38,230 WARNING database DDL Query made to DB:
alter table `tabDocType` add column if not exists migration_hash varchar(140)
2026-05-20 12:58:39,917 WARNING database DDL Query made to DB:
ALTER TABLE `tabPrint Heading` DROP INDEX `print_heading`
2026-05-20 12:58:41,395 WARNING database DDL Query made to DB:
ALTER TABLE `tabPrint Heading` ADD UNIQUE INDEX IF NOT EXISTS print_heading (`print_heading`)
2026-05-20 12:58:45,775 WARNING database DDL Query made to DB:
ALTER TABLE `tabPayment Entry` MODIFY `difference_amount` decimal(21,9) not null default 0, MODIFY `unallocated_amount` decimal(21,9) not null default 0, MODIFY `total_taxes_and_charges` decimal(21,9) not null default 0, MODIFY `base_total_allocated_amount` decimal(21,9) not null default 0, MODIFY `total_allocated_amount` decimal(21,9) not null default 0, MODIFY `base_received_amount_after_tax` decimal(21,9) not null default 0, MODIFY `base_received_amount` decimal(21,9) not null default 0, MODIFY `target_exchange_rate` decimal(21,9) not null default 0, MODIFY `received_amount_after_tax` decimal(21,9) not null default 0, MODIFY `base_paid_amount` decimal(21,9) not null default 0, MODIFY `received_amount` decimal(21,9) not null default 0, MODIFY `base_paid_amount_after_tax` decimal(21,9) not null default 0, MODIFY `source_exchange_rate` decimal(21,9) not null default 0, MODIFY `paid_amount_after_tax` decimal(21,9) not null default 0, MODIFY `paid_amount` decimal(21,9) not null default 0, MODIFY `base_total_taxes_and_charges` decimal(21,9) not null default 0, MODIFY `paid_to_account_balance` decimal(21,9) not null default 0, MODIFY `paid_from_account_balance` decimal(21,9) not null default 0, MODIFY `party_balance` decimal(21,9) not null default 0
2026-05-20 12:58:47,812 WARNING database DDL Query made to DB:
ALTER TABLE `tabEmployee` MODIFY `custom_height_in_metres` decimal(21,9) not null default 0, MODIFY `custom_period_for_which_the_second` decimal(21,0) not null default 0, MODIFY `custom__currentmost_recent_gross_salary` decimal(21,9) not null default 0, MODIFY `custom_weight_in_kg` decimal(21,9) not null default 0, MODIFY `custom_period_for_which_the_first` decimal(21,0) not null default 0, MODIFY `custom_pulse_strongper_minutestrong` decimal(21,9) not null default 0, MODIFY `custom_rate_per_hour` decimal(21,2) not null default 0, MODIFY `custom_blood_pressure` decimal(21,9) not null default 0, MODIFY `ctc` decimal(21,9) not null default 0
